{"D:\\React_HW1\\src\\app.ts": {"path":"D:\\React_HW1\\src\\app.ts","statementMap":{"0":{"start":{"line":1,"column":0},"end":{"line":1,"column":29}},"1":{"start":{"line":3,"column":0},"end":{"line":3,"column":42}},"2":{"start":{"line":5,"column":0},"end":{"line":5,"column":null}},"3":{"start":{"line":7,"column":13},"end":{"line":7,"column":29}},"4":{"start":{"line":8,"column":0},"end":{"line":10,"column":null}},"5":{"start":{"line":9,"column":4},"end":{"line":9,"column":null}},"6":{"start":{"line":12,"column":0},"end":{"line":12,"column":null}}},"fnMap":{"0":{"name":"(anonymous_1)","decl":{"start":{"line":8,"column":19},"end":{"line":8,"column":21}},"loc":{"start":{"line":8,"column":23},"end":{"line":10,"column":1}}}},"branchMap":{},"s":{"0":1,"1":1,"2":1,"3":1,"4":1,"5":1,"6":1},"f":{"0":1},"b":{}}
,"D:\\React_HW1\\src\\server.ts": {"path":"D:\\React_HW1\\src\\server.ts","statementMap":{"0":{"start":{"line":1,"column":0},"end":{"line":1,"column":30}},"1":{"start":{"line":2,"column":12},"end":{"line":2,"column":21}},"2":{"start":{"line":3,"column":0},"end":{"line":3,"column":28}},"3":{"start":{"line":4,"column":0},"end":{"line":4,"column":16}},"4":{"start":{"line":6,"column":0},"end":{"line":6,"column":36}},"5":{"start":{"line":8,"column":0},"end":{"line":8,"column":32}},"6":{"start":{"line":9,"column":0},"end":{"line":9,"column":43}},"7":{"start":{"line":11,"column":11},"end":{"line":11,"column":30}},"8":{"start":{"line":12,"column":0},"end":{"line":14,"column":3}},"9":{"start":{"line":13,"column":2},"end":{"line":13,"column":23}},"10":{"start":{"line":15,"column":0},"end":{"line":17,"column":3}},"11":{"start":{"line":16,"column":2},"end":{"line":16,"column":36}},"12":{"start":{"line":19,"column":0},"end":{"line":19,"column":37}},"13":{"start":{"line":20,"column":0},"end":{"line":20,"column":65}},"14":{"start":{"line":21,"column":0},"end":{"line":21,"column":27}},"15":{"start":{"line":23,"column":0},"end":{"line":23,"column":47}},"16":{"start":{"line":24,"column":0},"end":{"line":24,"column":30}},"17":{"start":{"line":26,"column":0},"end":{"line":26,"column":47}},"18":{"start":{"line":27,"column":0},"end":{"line":27,"column":30}},"19":{"start":{"line":29,"column":0},"end":{"line":29,"column":43}},"20":{"start":{"line":30,"column":0},"end":{"line":30,"column":41}},"21":{"start":{"line":32,"column":0},"end":{"line":47,"column":null}},"22":{"start":{"line":33,"column":18},"end":{"line":44,"column":4}},"23":{"start":{"line":45,"column":16},"end":{"line":45,"column":37}},"24":{"start":{"line":46,"column":2},"end":{"line":46,"column":64}},"25":{"start":{"line":49,"column":0},"end":{"line":49,"column":24}},"26":{"start":{"line":50,"column":15},"end":{"line":50,"column":37}},"27":{"start":{"line":51,"column":0},"end":{"line":51,"column":16}}},"fnMap":{"0":{"name":"(anonymous_1)","decl":{"start":{"line":12,"column":15},"end":{"line":12,"column":16}},"loc":{"start":{"line":12,"column":25},"end":{"line":14,"column":1}}},"1":{"name":"(anonymous_2)","decl":{"start":{"line":15,"column":16},"end":{"line":15,"column":19}},"loc":{"start":{"line":15,"column":21},"end":{"line":17,"column":1}}}},"branchMap":{"0":{"loc":{"start":{"line":32,"column":0},"end":{"line":47,"column":null}},"type":"if","locations":[{"start":{"line":32,"column":0},"end":{"line":47,"column":null}}]}},"s":{"0":3,"1":3,"2":3,"3":3,"4":3,"5":3,"6":3,"7":3,"8":3,"9":0,"10":3,"11":3,"12":3,"13":3,"14":3,"15":3,"16":3,"17":3,"18":3,"19":3,"20":3,"21":3,"22":0,"23":0,"24":0,"25":3,"26":3,"27":3},"f":{"0":0,"1":3},"b":{"0":[0]}}
,"D:\\React_HW1\\src\\socket_server.ts": {"path":"D:\\React_HW1\\src\\socket_server.ts","statementMap":{"0":{"start":{"line":2,"column":0},"end":{"line":2,"column":35}},"1":{"start":{"line":4,"column":0},"end":{"line":4,"column":44}},"2":{"start":{"line":5,"column":0},"end":{"line":5,"column":30}},"3":{"start":{"line":6,"column":0},"end":{"line":6,"column":34}},"4":{"start":{"line":7,"column":0},"end":{"line":7,"column":57}},"5":{"start":{"line":12,"column":21},"end":{"line":42,"column":1}},"6":{"start":{"line":13,"column":15},"end":{"line":13,"column":33}},"7":{"start":{"line":15,"column":22},"end":{"line":15,"column":66}},"8":{"start":{"line":16,"column":22},"end":{"line":16,"column":66}},"9":{"start":{"line":17,"column":4},"end":{"line":17,"column":52}},"10":{"start":{"line":19,"column":4},"end":{"line":31,"column":7}},"11":{"start":{"line":19,"column":34},"end":{"line":31,"column":6}},"12":{"start":{"line":20,"column":20},"end":{"line":20,"column":47}},"13":{"start":{"line":21,"column":8},"end":{"line":21,"column":null}},"14":{"start":{"line":21,"column":26},"end":{"line":21,"column":null}},"15":{"start":{"line":22,"column":8},"end":{"line":22,"column":null}},"16":{"start":{"line":23,"column":8},"end":{"line":30,"column":null}},"17":{"start":{"line":24,"column":12},"end":{"line":29,"column":null}},"18":{"start":{"line":25,"column":16},"end":{"line":25,"column":56}},"19":{"start":{"line":27,"column":16},"end":{"line":27,"column":null}},"20":{"start":{"line":28,"column":16},"end":{"line":28,"column":null}},"21":{"start":{"line":33,"column":4},"end":{"line":40,"column":7}},"22":{"start":{"line":34,"column":8},"end":{"line":34,"column":40}},"23":{"start":{"line":35,"column":8},"end":{"line":37,"column":11}},"24":{"start":{"line":36,"column":12},"end":{"line":36,"column":45}},"25":{"start":{"line":39,"column":8},"end":{"line":39,"column":null}},"26":{"start":{"line":41,"column":4},"end":{"line":41,"column":null}},"27":{"start":{"line":44,"column":0},"end":{"line":44,"column":null}}},"fnMap":{"0":{"name":"(anonymous_8)","decl":{"start":{"line":12,"column":21},"end":{"line":12,"column":22}},"loc":{"start":{"line":12,"column":53},"end":{"line":42,"column":1}}},"1":{"name":"(anonymous_9)","decl":{"start":{"line":19,"column":11},"end":{"line":19,"column":18}},"loc":{"start":{"line":19,"column":34},"end":{"line":31,"column":6}}},"2":{"name":"(anonymous_10)","decl":{"start":{"line":19,"column":34},"end":{"line":19,"column":null}},"loc":{"start":{"line":19,"column":34},"end":{"line":31,"column":5}}},"3":{"name":"(anonymous_11)","decl":{"start":{"line":23,"column":59},"end":{"line":23,"column":60}},"loc":{"start":{"line":23,"column":73},"end":{"line":30,"column":9}}},"4":{"name":"(anonymous_12)","decl":{"start":{"line":33,"column":24},"end":{"line":33,"column":25}},"loc":{"start":{"line":33,"column":35},"end":{"line":40,"column":5}}},"5":{"name":"(anonymous_13)","decl":{"start":{"line":35,"column":32},"end":{"line":35,"column":35}},"loc":{"start":{"line":35,"column":37},"end":{"line":37,"column":9}}}},"branchMap":{"0":{"loc":{"start":{"line":21,"column":8},"end":{"line":21,"column":null}},"type":"if","locations":[{"start":{"line":21,"column":8},"end":{"line":21,"column":null}}]},"1":{"loc":{"start":{"line":24,"column":12},"end":{"line":29,"column":null}},"type":"if","locations":[{"start":{"line":24,"column":12},"end":{"line":29,"column":null}},{"start":{"line":26,"column":18},"end":{"line":29,"column":null}}]}},"s":{"0":1,"1":1,"2":1,"3":1,"4":1,"5":1,"6":1,"7":1,"8":1,"9":1,"10":1,"11":2,"12":2,"13":2,"14":0,"15":2,"16":2,"17":2,"18":0,"19":2,"20":2,"21":1,"22":2,"23":2,"24":2,"25":2,"26":1,"27":1},"f":{"0":1,"1":2,"2":2,"3":2,"4":2,"5":2},"b":{"0":[0],"1":[0,2]}}
,"D:\\React_HW1\\src\\common\\auth_middleware.ts": {"path":"D:\\React_HW1\\src\\common\\auth_middleware.ts","statementMap":{"0":{"start":{"line":2,"column":0},"end":{"line":2,"column":30}},"1":{"start":{"line":3,"column":0},"end":{"line":3,"column":47}},"2":{"start":{"line":5,"column":23},"end":{"line":20,"column":null}},"3":{"start":{"line":5,"column":80},"end":{"line":20,"column":null}},"4":{"start":{"line":6,"column":16},"end":{"line":6,"column":44}},"5":{"start":{"line":7,"column":4},"end":{"line":10,"column":null}},"6":{"start":{"line":8,"column":8},"end":{"line":8,"column":null}},"7":{"start":{"line":9,"column":8},"end":{"line":9,"column":null}},"8":{"start":{"line":11,"column":4},"end":{"line":11,"column":null}},"9":{"start":{"line":12,"column":4},"end":{"line":19,"column":null}},"10":{"start":{"line":13,"column":8},"end":{"line":16,"column":null}},"11":{"start":{"line":14,"column":12},"end":{"line":14,"column":null}},"12":{"start":{"line":15,"column":12},"end":{"line":15,"column":null}},"13":{"start":{"line":17,"column":8},"end":{"line":17,"column":null}},"14":{"start":{"line":18,"column":8},"end":{"line":18,"column":null}},"15":{"start":{"line":22,"column":0},"end":{"line":22,"column":null}}},"fnMap":{"0":{"name":"(anonymous_8)","decl":{"start":{"line":5,"column":23},"end":{"line":5,"column":30}},"loc":{"start":{"line":5,"column":80},"end":{"line":20,"column":null}}},"1":{"name":"(anonymous_9)","decl":{"start":{"line":5,"column":80},"end":{"line":5,"column":null}},"loc":{"start":{"line":5,"column":80},"end":{"line":20,"column":1}}},"2":{"name":"(anonymous_10)","decl":{"start":{"line":12,"column":53},"end":{"line":12,"column":54}},"loc":{"start":{"line":12,"column":67},"end":{"line":19,"column":5}}}},"branchMap":{"0":{"loc":{"start":{"line":7,"column":4},"end":{"line":10,"column":null}},"type":"if","locations":[{"start":{"line":7,"column":4},"end":{"line":10,"column":null}}]},"1":{"loc":{"start":{"line":7,"column":8},"end":{"line":7,"column":43}},"type":"binary-expr","locations":[{"start":{"line":7,"column":8},"end":{"line":7,"column":26}},{"start":{"line":7,"column":30},"end":{"line":7,"column":43}}]},"2":{"loc":{"start":{"line":13,"column":8},"end":{"line":16,"column":null}},"type":"if","locations":[{"start":{"line":13,"column":8},"end":{"line":16,"column":null}}]}},"s":{"0":3,"1":3,"2":3,"3":9,"4":9,"5":9,"6":0,"7":0,"8":9,"9":9,"10":9,"11":3,"12":3,"13":6,"14":6,"15":3},"f":{"0":9,"1":9,"2":9},"b":{"0":[0],"1":[9,9],"2":[3]}}
,"D:\\React_HW1\\src\\controllers\\auth.ts": {"path":"D:\\React_HW1\\src\\controllers\\auth.ts","statementMap":{"0":{"start":{"line":1,"column":0},"end":{"line":1,"column":40}},"1":{"start":{"line":3,"column":0},"end":{"line":3,"column":48}},"2":{"start":{"line":4,"column":0},"end":{"line":4,"column":28}},"3":{"start":{"line":5,"column":0},"end":{"line":5,"column":31}},"4":{"start":{"line":7,"column":23},"end":{"line":19,"column":1}},"5":{"start":{"line":8,"column":22},"end":{"line":11,"column":null}},"6":{"start":{"line":13,"column":23},"end":{"line":16,"column":null}},"7":{"start":{"line":18,"column":2},"end":{"line":18,"column":null}},"8":{"start":{"line":25,"column":17},"end":{"line":62,"column":2}},"9":{"start":{"line":25,"column":55},"end":{"line":62,"column":2}},"10":{"start":{"line":26,"column":2},"end":{"line":26,"column":26}},"11":{"start":{"line":28,"column":16},"end":{"line":28,"column":30}},"12":{"start":{"line":29,"column":19},"end":{"line":29,"column":36}},"13":{"start":{"line":31,"column":2},"end":{"line":38,"column":null}},"14":{"start":{"line":37,"column":4},"end":{"line":37,"column":40}},"15":{"start":{"line":41,"column":15},"end":{"line":41,"column":39}},"16":{"start":{"line":42,"column":28},"end":{"line":42,"column":61}},"17":{"start":{"line":44,"column":15},"end":{"line":47,"column":4}},"18":{"start":{"line":48,"column":2},"end":{"line":61,"column":null}},"19":{"start":{"line":49,"column":20},"end":{"line":49,"column":37}},"20":{"start":{"line":51,"column":40},"end":{"line":51,"column":67}},"21":{"start":{"line":52,"column":4},"end":{"line":52,"column":40}},"22":{"start":{"line":53,"column":4},"end":{"line":53,"column":25}},"23":{"start":{"line":54,"column":4},"end":{"line":58,"column":7}},"24":{"start":{"line":60,"column":4},"end":{"line":60,"column":76}},"25":{"start":{"line":69,"column":14},"end":{"line":106,"column":2}},"26":{"start":{"line":69,"column":52},"end":{"line":106,"column":2}},"27":{"start":{"line":70,"column":2},"end":{"line":70,"column":23}},"28":{"start":{"line":71,"column":16},"end":{"line":71,"column":30}},"29":{"start":{"line":72,"column":19},"end":{"line":72,"column":36}},"30":{"start":{"line":73,"column":2},"end":{"line":77,"column":null}},"31":{"start":{"line":74,"column":4},"end":{"line":76,"column":50}},"32":{"start":{"line":79,"column":2},"end":{"line":105,"column":null}},"33":{"start":{"line":81,"column":17},"end":{"line":81,"column":53}},"34":{"start":{"line":82,"column":4},"end":{"line":86,"column":null}},"35":{"start":{"line":83,"column":6},"end":{"line":85,"column":52}},"36":{"start":{"line":88,"column":18},"end":{"line":88,"column":63}},"37":{"start":{"line":89,"column":4},"end":{"line":93,"column":null}},"38":{"start":{"line":90,"column":6},"end":{"line":92,"column":52}},"39":{"start":{"line":95,"column":40},"end":{"line":95,"column":64}},"40":{"start":{"line":96,"column":4},"end":{"line":96,"column":37}},"41":{"start":{"line":97,"column":4},"end":{"line":97,"column":22}},"42":{"start":{"line":98,"column":4},"end":{"line":102,"column":7}},"43":{"start":{"line":104,"column":4},"end":{"line":104,"column":76}},"44":{"start":{"line":114,"column":19},"end":{"line":151,"column":2}},"45":{"start":{"line":114,"column":57},"end":{"line":151,"column":2}},"46":{"start":{"line":115,"column":2},"end":{"line":115,"column":28}},"47":{"start":{"line":117,"column":14},"end":{"line":117,"column":42}},"48":{"start":{"line":118,"column":2},"end":{"line":120,"column":null}},"49":{"start":{"line":119,"column":4},"end":{"line":119,"column":49}},"50":{"start":{"line":121,"column":2},"end":{"line":121,"column":30}},"51":{"start":{"line":123,"column":2},"end":{"line":150,"column":5}},"52":{"start":{"line":123,"column":76},"end":{"line":150,"column":4}},"53":{"start":{"line":124,"column":4},"end":{"line":124,"column":30}},"54":{"start":{"line":125,"column":4},"end":{"line":127,"column":null}},"55":{"start":{"line":126,"column":6},"end":{"line":126,"column":null}},"56":{"start":{"line":128,"column":4},"end":{"line":149,"column":null}},"57":{"start":{"line":129,"column":25},"end":{"line":129,"column":38}},"58":{"start":{"line":130,"column":20},"end":{"line":130,"column":43}},"59":{"start":{"line":131,"column":6},"end":{"line":136,"column":null}},"60":{"start":{"line":132,"column":8},"end":{"line":132,"column":32}},"61":{"start":{"line":133,"column":8},"end":{"line":133,"column":27}},"62":{"start":{"line":134,"column":8},"end":{"line":134,"column":null}},"63":{"start":{"line":135,"column":8},"end":{"line":135,"column":78}},"64":{"start":{"line":138,"column":42},"end":{"line":138,"column":60}},"65":{"start":{"line":139,"column":6},"end":{"line":139,"column":40}},"66":{"start":{"line":140,"column":6},"end":{"line":140,"column":25}},"67":{"start":{"line":141,"column":6},"end":{"line":141,"column":36}},"68":{"start":{"line":142,"column":6},"end":{"line":146,"column":9}},"69":{"start":{"line":148,"column":6},"end":{"line":148,"column":76}},"70":{"start":{"line":158,"column":13},"end":{"line":168,"column":2}},"71":{"start":{"line":158,"column":51},"end":{"line":168,"column":2}},"72":{"start":{"line":159,"column":2},"end":{"line":167,"column":null}},"73":{"start":{"line":160,"column":17},"end":{"line":160,"column":64}},"74":{"start":{"line":161,"column":4},"end":{"line":161,"column":null}},"75":{"start":{"line":162,"column":4},"end":{"line":162,"column":null}},"76":{"start":{"line":163,"column":4},"end":{"line":163,"column":57}},"77":{"start":{"line":166,"column":4},"end":{"line":166,"column":74}},"78":{"start":{"line":170,"column":15},"end":{"line":177,"column":null}},"79":{"start":{"line":170,"column":54},"end":{"line":177,"column":null}},"80":{"start":{"line":173,"column":15},"end":{"line":173,"column":51}},"81":{"start":{"line":174,"column":2},"end":{"line":174,"column":null}},"82":{"start":{"line":175,"column":2},"end":{"line":175,"column":null}},"83":{"start":{"line":176,"column":2},"end":{"line":176,"column":null}},"84":{"start":{"line":188,"column":0},"end":{"line":195,"column":2}}},"fnMap":{"0":{"name":"(anonymous_8)","decl":{"start":{"line":7,"column":23},"end":{"line":7,"column":24}},"loc":{"start":{"line":7,"column":60},"end":{"line":19,"column":1}}},"1":{"name":"(anonymous_9)","decl":{"start":{"line":25,"column":17},"end":{"line":25,"column":24}},"loc":{"start":{"line":25,"column":55},"end":{"line":62,"column":2}}},"2":{"name":"(anonymous_10)","decl":{"start":{"line":25,"column":55},"end":{"line":25,"column":null}},"loc":{"start":{"line":25,"column":55},"end":{"line":62,"column":1}}},"3":{"name":"(anonymous_11)","decl":{"start":{"line":69,"column":14},"end":{"line":69,"column":21}},"loc":{"start":{"line":69,"column":52},"end":{"line":106,"column":2}}},"4":{"name":"(anonymous_12)","decl":{"start":{"line":69,"column":52},"end":{"line":69,"column":null}},"loc":{"start":{"line":69,"column":52},"end":{"line":106,"column":1}}},"5":{"name":"(anonymous_13)","decl":{"start":{"line":114,"column":19},"end":{"line":114,"column":26}},"loc":{"start":{"line":114,"column":57},"end":{"line":151,"column":2}}},"6":{"name":"(anonymous_14)","decl":{"start":{"line":114,"column":57},"end":{"line":114,"column":null}},"loc":{"start":{"line":114,"column":57},"end":{"line":151,"column":1}}},"7":{"name":"(anonymous_15)","decl":{"start":{"line":123,"column":54},"end":{"line":123,"column":61}},"loc":{"start":{"line":123,"column":76},"end":{"line":150,"column":4}}},"8":{"name":"(anonymous_16)","decl":{"start":{"line":123,"column":76},"end":{"line":123,"column":null}},"loc":{"start":{"line":123,"column":76},"end":{"line":150,"column":3}}},"9":{"name":"(anonymous_17)","decl":{"start":{"line":158,"column":13},"end":{"line":158,"column":20}},"loc":{"start":{"line":158,"column":51},"end":{"line":168,"column":2}}},"10":{"name":"(anonymous_18)","decl":{"start":{"line":158,"column":51},"end":{"line":158,"column":null}},"loc":{"start":{"line":158,"column":51},"end":{"line":168,"column":1}}},"11":{"name":"(anonymous_19)","decl":{"start":{"line":170,"column":15},"end":{"line":170,"column":22}},"loc":{"start":{"line":170,"column":54},"end":{"line":177,"column":null}}},"12":{"name":"(anonymous_20)","decl":{"start":{"line":170,"column":54},"end":{"line":170,"column":null}},"loc":{"start":{"line":170,"column":54},"end":{"line":177,"column":1}}}},"branchMap":{"0":{"loc":{"start":{"line":31,"column":2},"end":{"line":38,"column":null}},"type":"if","locations":[{"start":{"line":31,"column":2},"end":{"line":38,"column":null}}]},"1":{"loc":{"start":{"line":32,"column":4},"end":{"line":35,"column":25}},"type":"binary-expr","locations":[{"start":{"line":32,"column":4},"end":{"line":32,"column":17}},{"start":{"line":33,"column":4},"end":{"line":33,"column":22}},{"start":{"line":34,"column":4},"end":{"line":34,"column":20}},{"start":{"line":35,"column":4},"end":{"line":35,"column":25}}]},"2":{"loc":{"start":{"line":73,"column":2},"end":{"line":77,"column":null}},"type":"if","locations":[{"start":{"line":73,"column":2},"end":{"line":77,"column":null}}]},"3":{"loc":{"start":{"line":73,"column":6},"end":{"line":73,"column":39}},"type":"binary-expr","locations":[{"start":{"line":73,"column":6},"end":{"line":73,"column":19}},{"start":{"line":73,"column":23},"end":{"line":73,"column":39}}]},"4":{"loc":{"start":{"line":82,"column":4},"end":{"line":86,"column":null}},"type":"if","locations":[{"start":{"line":82,"column":4},"end":{"line":86,"column":null}}]},"5":{"loc":{"start":{"line":89,"column":4},"end":{"line":93,"column":null}},"type":"if","locations":[{"start":{"line":89,"column":4},"end":{"line":93,"column":null}}]},"6":{"loc":{"start":{"line":118,"column":2},"end":{"line":120,"column":null}},"type":"if","locations":[{"start":{"line":118,"column":2},"end":{"line":120,"column":null}}]},"7":{"loc":{"start":{"line":118,"column":6},"end":{"line":118,"column":41}},"type":"binary-expr","locations":[{"start":{"line":118,"column":6},"end":{"line":118,"column":24}},{"start":{"line":118,"column":28},"end":{"line":118,"column":41}}]},"8":{"loc":{"start":{"line":125,"column":4},"end":{"line":127,"column":null}},"type":"if","locations":[{"start":{"line":125,"column":4},"end":{"line":127,"column":null}}]},"9":{"loc":{"start":{"line":131,"column":6},"end":{"line":136,"column":null}},"type":"if","locations":[{"start":{"line":131,"column":6},"end":{"line":136,"column":null}}]}},"s":{"0":3,"1":3,"2":3,"3":3,"4":3,"5":7,"6":7,"7":7,"8":3,"9":6,"10":6,"11":6,"12":6,"13":6,"14":1,"15":6,"16":6,"17":6,"18":6,"19":6,"20":4,"21":4,"22":4,"23":4,"24":2,"25":3,"26":4,"27":4,"28":4,"29":4,"30":4,"31":1,"32":3,"33":3,"34":3,"35":1,"36":2,"37":2,"38":1,"39":1,"40":1,"41":1,"42":1,"43":0,"44":3,"45":3,"46":3,"47":3,"48":3,"49":1,"50":2,"51":2,"52":2,"53":2,"54":2,"55":0,"56":2,"57":2,"58":2,"59":2,"60":0,"61":0,"62":0,"63":0,"64":2,"65":2,"66":2,"67":2,"68":2,"69":0,"70":3,"71":4,"72":4,"73":4,"74":4,"75":4,"76":4,"77":0,"78":3,"79":1,"80":1,"81":1,"82":1,"83":1,"84":3},"f":{"0":7,"1":6,"2":6,"3":4,"4":4,"5":3,"6":3,"7":2,"8":2,"9":4,"10":4,"11":1,"12":1},"b":{"0":[1],"1":[6,5,5,5],"2":[1],"3":[4,3],"4":[1],"5":[1],"6":[1],"7":[3,2],"8":[0],"9":[0]}}
,"D:\\React_HW1\\src\\controllers\\post.ts": {"path":"D:\\React_HW1\\src\\controllers\\post.ts","statementMap":{"0":{"start":{"line":1,"column":0},"end":{"line":1,"column":40}},"1":{"start":{"line":8,"column":20},"end":{"line":25,"column":2}},"2":{"start":{"line":8,"column":58},"end":{"line":25,"column":2}},"3":{"start":{"line":9,"column":2},"end":{"line":9,"column":29}},"4":{"start":{"line":11,"column":2},"end":{"line":24,"column":null}},"5":{"start":{"line":12,"column":19},"end":{"line":12,"column":35}},"6":{"start":{"line":14,"column":4},"end":{"line":18,"column":null}},"7":{"start":{"line":15,"column":6},"end":{"line":15,"column":50}},"8":{"start":{"line":17,"column":6},"end":{"line":17,"column":32}},"9":{"start":{"line":19,"column":4},"end":{"line":19,"column":32}},"10":{"start":{"line":21,"column":4},"end":{"line":23,"column":7}},"11":{"start":{"line":27,"column":20},"end":{"line":48,"column":2}},"12":{"start":{"line":27,"column":58},"end":{"line":48,"column":2}},"13":{"start":{"line":28,"column":2},"end":{"line":28,"column":49}},"14":{"start":{"line":29,"column":13},"end":{"line":29,"column":26}},"15":{"start":{"line":30,"column":2},"end":{"line":32,"column":null}},"16":{"start":{"line":31,"column":4},"end":{"line":31,"column":59}},"17":{"start":{"line":34,"column":2},"end":{"line":47,"column":null}},"18":{"start":{"line":35,"column":17},"end":{"line":35,"column":40}},"19":{"start":{"line":36,"column":4},"end":{"line":42,"column":null}},"20":{"start":{"line":37,"column":6},"end":{"line":39,"column":9}},"21":{"start":{"line":41,"column":6},"end":{"line":41,"column":33}},"22":{"start":{"line":44,"column":4},"end":{"line":46,"column":7}},"23":{"start":{"line":55,"column":22},"end":{"line":71,"column":2}},"24":{"start":{"line":55,"column":60},"end":{"line":71,"column":2}},"25":{"start":{"line":56,"column":2},"end":{"line":56,"column":24}},"26":{"start":{"line":57,"column":17},"end":{"line":57,"column":29}},"27":{"start":{"line":58,"column":15},"end":{"line":61,"column":4}},"28":{"start":{"line":63,"column":2},"end":{"line":70,"column":null}},"29":{"start":{"line":64,"column":20},"end":{"line":64,"column":37}},"30":{"start":{"line":65,"column":4},"end":{"line":65,"column":34}},"31":{"start":{"line":67,"column":4},"end":{"line":69,"column":7}},"32":{"start":{"line":73,"column":23},"end":{"line":88,"column":2}},"33":{"start":{"line":73,"column":61},"end":{"line":88,"column":2}},"34":{"start":{"line":74,"column":2},"end":{"line":74,"column":52}},"35":{"start":{"line":75,"column":13},"end":{"line":75,"column":26}},"36":{"start":{"line":76,"column":2},"end":{"line":78,"column":null}},"37":{"start":{"line":77,"column":4},"end":{"line":77,"column":59}},"38":{"start":{"line":80,"column":2},"end":{"line":87,"column":null}},"39":{"start":{"line":81,"column":4},"end":{"line":81,"column":38}},"40":{"start":{"line":82,"column":4},"end":{"line":82,"column":27}},"41":{"start":{"line":84,"column":4},"end":{"line":86,"column":7}},"42":{"start":{"line":89,"column":0},"end":{"line":94,"column":2}}},"fnMap":{"0":{"name":"(anonymous_8)","decl":{"start":{"line":8,"column":20},"end":{"line":8,"column":27}},"loc":{"start":{"line":8,"column":58},"end":{"line":25,"column":2}}},"1":{"name":"(anonymous_9)","decl":{"start":{"line":8,"column":58},"end":{"line":8,"column":null}},"loc":{"start":{"line":8,"column":58},"end":{"line":25,"column":1}}},"2":{"name":"(anonymous_10)","decl":{"start":{"line":27,"column":20},"end":{"line":27,"column":27}},"loc":{"start":{"line":27,"column":58},"end":{"line":48,"column":2}}},"3":{"name":"(anonymous_11)","decl":{"start":{"line":27,"column":58},"end":{"line":27,"column":null}},"loc":{"start":{"line":27,"column":58},"end":{"line":48,"column":1}}},"4":{"name":"(anonymous_12)","decl":{"start":{"line":55,"column":22},"end":{"line":55,"column":29}},"loc":{"start":{"line":55,"column":60},"end":{"line":71,"column":2}}},"5":{"name":"(anonymous_13)","decl":{"start":{"line":55,"column":60},"end":{"line":55,"column":null}},"loc":{"start":{"line":55,"column":60},"end":{"line":71,"column":1}}},"6":{"name":"(anonymous_14)","decl":{"start":{"line":73,"column":23},"end":{"line":73,"column":30}},"loc":{"start":{"line":73,"column":61},"end":{"line":88,"column":2}}},"7":{"name":"(anonymous_15)","decl":{"start":{"line":73,"column":61},"end":{"line":73,"column":null}},"loc":{"start":{"line":73,"column":61},"end":{"line":88,"column":1}}}},"branchMap":{"0":{"loc":{"start":{"line":14,"column":4},"end":{"line":18,"column":null}},"type":"if","locations":[{"start":{"line":14,"column":4},"end":{"line":18,"column":null}},{"start":{"line":16,"column":11},"end":{"line":18,"column":null}}]},"1":{"loc":{"start":{"line":14,"column":8},"end":{"line":14,"column":45}},"type":"binary-expr","locations":[{"start":{"line":14,"column":8},"end":{"line":14,"column":22}},{"start":{"line":14,"column":26},"end":{"line":14,"column":45}}]},"2":{"loc":{"start":{"line":30,"column":2},"end":{"line":32,"column":null}},"type":"if","locations":[{"start":{"line":30,"column":2},"end":{"line":32,"column":null}}]},"3":{"loc":{"start":{"line":30,"column":6},"end":{"line":30,"column":35}},"type":"binary-expr","locations":[{"start":{"line":30,"column":6},"end":{"line":30,"column":16}},{"start":{"line":30,"column":20},"end":{"line":30,"column":35}}]},"4":{"loc":{"start":{"line":36,"column":4},"end":{"line":42,"column":null}},"type":"if","locations":[{"start":{"line":36,"column":4},"end":{"line":42,"column":null}},{"start":{"line":40,"column":11},"end":{"line":42,"column":null}}]},"5":{"loc":{"start":{"line":76,"column":2},"end":{"line":78,"column":null}},"type":"if","locations":[{"start":{"line":76,"column":2},"end":{"line":78,"column":null}}]},"6":{"loc":{"start":{"line":76,"column":6},"end":{"line":76,"column":35}},"type":"binary-expr","locations":[{"start":{"line":76,"column":6},"end":{"line":76,"column":16}},{"start":{"line":76,"column":20},"end":{"line":76,"column":35}}]}},"s":{"0":3,"1":3,"2":2,"3":2,"4":2,"5":2,"6":2,"7":1,"8":1,"9":2,"10":0,"11":3,"12":2,"13":2,"14":2,"15":2,"16":0,"17":2,"18":2,"19":2,"20":1,"21":1,"22":0,"23":3,"24":1,"25":1,"26":1,"27":1,"28":1,"29":1,"30":1,"31":0,"32":3,"33":1,"34":1,"35":1,"36":1,"37":0,"38":1,"39":1,"40":1,"41":0,"42":3},"f":{"0":2,"1":2,"2":2,"3":2,"4":1,"5":1,"6":1,"7":1},"b":{"0":[1,1],"1":[2,1],"2":[0],"3":[2,2],"4":[1,1],"5":[0],"6":[1,1]}}
,"D:\\React_HW1\\src\\events\\common.ts": {"path":"D:\\React_HW1\\src\\events\\common.ts","statementMap":{"0":{"start":{"line":3,"column":0},"end":{"line":9,"column":null}},"1":{"start":{"line":4,"column":24},"end":{"line":6,"column":5}},"2":{"start":{"line":5,"column":8},"end":{"line":5,"column":null}},"3":{"start":{"line":8,"column":4},"end":{"line":8,"column":42}}},"fnMap":{"0":{"name":"(anonymous_0)","decl":{"start":{"line":3,"column":9},"end":{"line":3,"column":10}},"loc":{"start":{"line":3,"column":38},"end":{"line":9,"column":2}}},"1":{"name":"(anonymous_1)","decl":{"start":{"line":4,"column":24},"end":{"line":4,"column":25}},"loc":{"start":{"line":4,"column":43},"end":{"line":6,"column":5}}}},"branchMap":{},"s":{"0":1,"1":2,"2":1,"3":2},"f":{"0":2,"1":1},"b":{}}
,"D:\\React_HW1\\src\\models\\post_model.ts": {"path":"D:\\React_HW1\\src\\models\\post_model.ts","statementMap":{"0":{"start":{"line":1,"column":0},"end":{"line":1,"column":31}},"1":{"start":{"line":3,"column":19},"end":{"line":12,"column":2}},"2":{"start":{"line":14,"column":0},"end":{"line":14,"column":null}}},"fnMap":{},"branchMap":{},"s":{"0":3,"1":3,"2":3},"f":{},"b":{}}
,"D:\\React_HW1\\src\\models\\user_model.ts": {"path":"D:\\React_HW1\\src\\models\\user_model.ts","statementMap":{"0":{"start":{"line":1,"column":0},"end":{"line":1,"column":32}},"1":{"start":{"line":3,"column":19},"end":{"line":16,"column":2}},"2":{"start":{"line":18,"column":0},"end":{"line":18,"column":44}}},"fnMap":{},"branchMap":{},"s":{"0":3,"1":3,"2":3},"f":{},"b":{}}
,"D:\\React_HW1\\src\\routes\\auth_routes.ts": {"path":"D:\\React_HW1\\src\\routes\\auth_routes.ts","statementMap":{"0":{"start":{"line":1,"column":0},"end":{"line":1,"column":30}},"1":{"start":{"line":2,"column":15},"end":{"line":2,"column":31}},"2":{"start":{"line":3,"column":0},"end":{"line":3,"column":39}},"3":{"start":{"line":4,"column":0},"end":{"line":4,"column":53}},"4":{"start":{"line":78,"column":0},"end":{"line":78,"column":40}},"5":{"start":{"line":113,"column":0},"end":{"line":113,"column":34}},"6":{"start":{"line":146,"column":0},"end":{"line":146,"column":40}},"7":{"start":{"line":149,"column":0},"end":{"line":149,"column":null}},"8":{"start":{"line":167,"column":0},"end":{"line":167,"column":45}},"9":{"start":{"line":168,"column":0},"end":{"line":168,"column":32}},"10":{"start":{"line":172,"column":0},"end":{"line":172,"column":16}}},"fnMap":{},"branchMap":{},"s":{"0":3,"1":3,"2":3,"3":3,"4":3,"5":3,"6":3,"7":3,"8":3,"9":3,"10":3},"f":{},"b":{}}
,"D:\\React_HW1\\src\\routes\\post_routes.ts": {"path":"D:\\React_HW1\\src\\routes\\post_routes.ts","statementMap":{"0":{"start":{"line":1,"column":0},"end":{"line":1,"column":29}},"1":{"start":{"line":2,"column":15},"end":{"line":2,"column":31}},"2":{"start":{"line":3,"column":0},"end":{"line":3,"column":38}},"3":{"start":{"line":4,"column":0},"end":{"line":4,"column":52}},"4":{"start":{"line":6,"column":0},"end":{"line":6,"column":null}},"5":{"start":{"line":8,"column":0},"end":{"line":8,"column":null}},"6":{"start":{"line":10,"column":0},"end":{"line":10,"column":null}},"7":{"start":{"line":12,"column":0},"end":{"line":12,"column":null}},"8":{"start":{"line":14,"column":0},"end":{"line":14,"column":null}}},"fnMap":{},"branchMap":{},"s":{"0":3,"1":3,"2":3,"3":3,"4":3,"5":3,"6":3,"7":3,"8":3},"f":{},"b":{}}
}
