TN:
SF:src\server.ts
FN:12,(anonymous_1)
FN:15,(anonymous_2)
FNF:2
FNH:1
FNDA:0,(anonymous_1)
FNDA:2,(anonymous_2)
DA:1,2
DA:2,2
DA:3,2
DA:4,2
DA:6,2
DA:8,2
DA:9,2
DA:11,2
DA:12,2
DA:13,0
DA:15,2
DA:16,2
DA:19,2
DA:20,2
DA:21,2
DA:23,2
DA:24,2
DA:26,2
DA:27,2
DA:29,2
DA:30,2
DA:32,2
DA:33,0
DA:45,0
DA:46,0
DA:49,2
DA:50,2
DA:51,2
LF:28
LH:24
BRDA:32,0,0,0
BRF:1
BRH:0
end_of_record
TN:
SF:src\common\auth_middleware.ts
FN:5,(anonymous_8)
FN:5,(anonymous_9)
FN:12,(anonymous_10)
FNF:3
FNH:3
FNDA:9,(anonymous_8)
FNDA:9,(anonymous_9)
FNDA:9,(anonymous_10)
DA:2,2
DA:3,2
DA:5,9
DA:6,9
DA:7,9
DA:8,0
DA:9,0
DA:11,9
DA:12,9
DA:13,9
DA:14,3
DA:15,3
DA:17,6
DA:18,6
DA:22,2
LF:15
LH:13
BRDA:7,0,0,0
BRDA:7,1,0,9
BRDA:7,1,1,9
BRDA:13,2,0,3
BRF:4
BRH:3
end_of_record
TN:
SF:src\controllers\auth.ts
FN:7,(anonymous_8)
FN:25,(anonymous_9)
FN:25,(anonymous_10)
FN:69,(anonymous_11)
FN:69,(anonymous_12)
FN:114,(anonymous_13)
FN:114,(anonymous_14)
FN:123,(anonymous_15)
FN:123,(anonymous_16)
FN:158,(anonymous_17)
FN:158,(anonymous_18)
FN:170,(anonymous_19)
FN:170,(anonymous_20)
FNF:13
FNH:13
FNDA:5,(anonymous_8)
FNDA:4,(anonymous_9)
FNDA:4,(anonymous_10)
FNDA:4,(anonymous_11)
FNDA:4,(anonymous_12)
FNDA:3,(anonymous_13)
FNDA:3,(anonymous_14)
FNDA:2,(anonymous_15)
FNDA:2,(anonymous_16)
FNDA:4,(anonymous_17)
FNDA:4,(anonymous_18)
FNDA:1,(anonymous_19)
FNDA:1,(anonymous_20)
DA:1,2
DA:3,2
DA:4,2
DA:5,2
DA:7,2
DA:8,5
DA:13,5
DA:18,5
DA:25,4
DA:26,4
DA:28,4
DA:29,4
DA:31,4
DA:37,1
DA:41,4
DA:42,4
DA:44,4
DA:48,4
DA:49,4
DA:51,2
DA:52,2
DA:53,2
DA:54,2
DA:60,2
DA:69,4
DA:70,4
DA:71,4
DA:72,4
DA:73,4
DA:74,1
DA:79,3
DA:81,3
DA:82,3
DA:83,1
DA:88,2
DA:89,2
DA:90,1
DA:95,1
DA:96,1
DA:97,1
DA:98,1
DA:104,0
DA:114,3
DA:115,3
DA:117,3
DA:118,3
DA:119,1
DA:121,2
DA:123,2
DA:124,2
DA:125,2
DA:126,0
DA:128,2
DA:129,2
DA:130,2
DA:131,2
DA:132,0
DA:133,0
DA:134,0
DA:135,0
DA:138,2
DA:139,2
DA:140,2
DA:141,2
DA:142,2
DA:148,0
DA:158,4
DA:159,4
DA:160,4
DA:161,4
DA:162,4
DA:163,4
DA:166,0
DA:170,2
DA:173,1
DA:174,1
DA:175,1
DA:176,1
DA:188,2
LF:79
LH:71
BRDA:31,0,0,1
BRDA:32,1,0,4
BRDA:32,1,1,3
BRDA:32,1,2,3
BRDA:32,1,3,3
BRDA:73,2,0,1
BRDA:73,3,0,4
BRDA:73,3,1,3
BRDA:82,4,0,1
BRDA:89,5,0,1
BRDA:118,6,0,1
BRDA:118,7,0,3
BRDA:118,7,1,2
BRDA:125,8,0,0
BRDA:131,9,0,0
BRF:15
BRH:13
end_of_record
TN:
SF:src\controllers\post.ts
FN:8,(anonymous_8)
FN:8,(anonymous_9)
FN:27,(anonymous_10)
FN:27,(anonymous_11)
FN:55,(anonymous_12)
FN:55,(anonymous_13)
FN:73,(anonymous_14)
FN:73,(anonymous_15)
FNF:8
FNH:8
FNDA:2,(anonymous_8)
FNDA:2,(anonymous_9)
FNDA:2,(anonymous_10)
FNDA:2,(anonymous_11)
FNDA:1,(anonymous_12)
FNDA:1,(anonymous_13)
FNDA:1,(anonymous_14)
FNDA:1,(anonymous_15)
DA:1,2
DA:8,2
DA:9,2
DA:11,2
DA:12,2
DA:14,2
DA:15,1
DA:17,1
DA:19,2
DA:21,0
DA:27,2
DA:28,2
DA:29,2
DA:30,2
DA:31,0
DA:34,2
DA:35,2
DA:36,2
DA:37,1
DA:41,1
DA:44,0
DA:55,2
DA:56,1
DA:57,1
DA:58,1
DA:63,1
DA:64,1
DA:65,1
DA:67,0
DA:73,2
DA:74,1
DA:75,1
DA:76,1
DA:77,0
DA:80,1
DA:81,1
DA:82,1
DA:84,0
DA:89,2
LF:39
LH:33
BRDA:14,0,0,1
BRDA:14,0,1,1
BRDA:14,1,0,2
BRDA:14,1,1,1
BRDA:30,2,0,0
BRDA:30,3,0,2
BRDA:30,3,1,2
BRDA:36,4,0,1
BRDA:36,4,1,1
BRDA:76,5,0,0
BRDA:76,6,0,1
BRDA:76,6,1,1
BRF:12
BRH:10
end_of_record
TN:
SF:src\models\post_model.ts
FNF:0
FNH:0
DA:1,2
DA:3,2
DA:14,2
LF:3
LH:3
BRF:0
BRH:0
end_of_record
TN:
SF:src\models\user_model.ts
FNF:0
FNH:0
DA:1,2
DA:3,2
DA:18,2
LF:3
LH:3
BRF:0
BRH:0
end_of_record
TN:
SF:src\routes\auth_routes.ts
FNF:0
FNH:0
DA:1,2
DA:2,2
DA:3,2
DA:4,2
DA:78,2
DA:113,2
DA:146,2
DA:149,2
DA:167,2
DA:168,2
DA:172,2
LF:11
LH:11
BRF:0
BRH:0
end_of_record
TN:
SF:src\routes\post_routes.ts
FNF:0
FNH:0
DA:1,2
DA:2,2
DA:3,2
DA:4,2
DA:6,2
DA:8,2
DA:10,2
DA:12,2
DA:14,2
LF:9
LH:9
BRF:0
BRH:0
end_of_record
